[2026-03-26T16:56:10.904+0000] {local_task_job_runner.py:123} INFO - ::group::Pre task execution logs
[2026-03-26T16:56:10.911+0000] {taskinstance.py:2613} INFO - Dependencies all met for dep_context=non-requeueable deps ti=<TaskInstance: etl_WINDSCAN_dag.predict_with_model_turbine manual__2026-03-26T16:56:04.918585+00:00 [queued]>
[2026-03-26T16:56:10.914+0000] {taskinstance.py:2613} INFO - Dependencies all met for dep_context=requeueable deps ti=<TaskInstance: etl_WINDSCAN_dag.predict_with_model_turbine manual__2026-03-26T16:56:04.918585+00:00 [queued]>
[2026-03-26T16:56:10.914+0000] {taskinstance.py:2866} INFO - Starting attempt 1 of 2
[2026-03-26T16:56:10.921+0000] {taskinstance.py:2889} INFO - Executing <Task(PythonOperator): predict_with_model_turbine> on 2026-03-26 16:56:04.918585+00:00
[2026-03-26T16:56:10.924+0000] {standard_task_runner.py:72} INFO - Started process 14509 to run task
[2026-03-26T16:56:10.927+0000] {standard_task_runner.py:104} INFO - Running: ['***', 'tasks', 'run', 'etl_WINDSCAN_dag', 'predict_with_model_turbine', 'manual__2026-03-26T16:56:04.918585+00:00', '--job-id', '93', '--raw', '--subdir', 'DAGS_FOLDER/etl_windscan_dag_with_api.py', '--cfg-path', '/tmp/tmpjsa0klgq']
[2026-03-26T16:56:10.929+0000] {standard_task_runner.py:105} INFO - Job 93: Subtask predict_with_model_turbine
[2026-03-26T16:56:10.955+0000] {task_command.py:467} INFO - Running <TaskInstance: etl_WINDSCAN_dag.predict_with_model_turbine manual__2026-03-26T16:56:04.918585+00:00 [running]> on host 467f5dfd2d61
[2026-03-26T16:56:10.992+0000] {taskinstance.py:3132} INFO - Exporting env vars: AIRFLOW_CTX_DAG_OWNER='Julien' AIRFLOW_CTX_DAG_ID='etl_WINDSCAN_dag' AIRFLOW_CTX_TASK_ID='predict_with_model_turbine' AIRFLOW_CTX_EXECUTION_DATE='2026-03-26T16:56:04.918585+00:00' AIRFLOW_CTX_TRY_NUMBER='1' AIRFLOW_CTX_DAG_RUN_ID='manual__2026-03-26T16:56:04.918585+00:00'
[2026-03-26T16:56:10.993+0000] {taskinstance.py:731} INFO - ::endgroup::
[2026-03-26T16:56:11.018+0000] {s3.py:1461} INFO - Downloading source S3 file from Bucket projet-final-dsl-ft37-julien-charlier with path data/sample_20260326-165608.csv
[2026-03-26T16:56:11.022+0000] {base.py:84} INFO - Retrieving connection 'aws_default'
[2026-03-26T16:56:11.023+0000] {connection_wrapper.py:325} INFO - AWS Connection (conn_id='aws_default', conn_type='aws') credentials retrieved from login and password.
[2026-03-26T16:56:11.616+0000] {logging_mixin.py:190} INFO - [INFO] Downloaded raw batch: s3://projet-final-dsl-ft37-julien-charlier/data/sample_20260326-165608.csv -> /tmp/***_tmp_y65nndhy
[2026-03-26T16:56:11.623+0000] {logging_mixin.py:190} INFO - [INFO] Features dataframe prepared: shape=(1, 11)
[2026-03-26T16:56:11.624+0000] {logging_mixin.py:190} INFO - [DEBUG] Row 0 payload: {'Hour_Index': 6757.0, 'Turbine_ID': 1.0, 'Rotor_Speed_RPM': 14.1151008049, 'Wind_Speed_mps': 6.7983824155, 'Power_Output_kW': 1550.0064723838, 'Gearbox_Oil_Temp_C': 59.4709294845, 'Generator_Bearing_Temp_C': 70.9090647076, 'Vibration_Level_mmps': 2.3161156127, 'Ambient_Temp_C': 17.9428167359, 'Humidity_pct': 71.9126624938, 'Maintenance_Label': 0.0}
[2026-03-26T16:56:11.965+0000] {logging_mixin.py:190} INFO - [INFO] Prediction OK for row 0: 2
[2026-03-26T16:56:12.855+0000] {hook.py:208} WARNING - Data lineage tracking is disabled. Register a hook lineage reader to start tracking hook lineage.
[2026-03-26T16:56:12.856+0000] {hook.py:208} WARNING - Data lineage tracking is disabled. Register a hook lineage reader to start tracking hook lineage.
[2026-03-26T16:56:12.881+0000] {logging_mixin.py:190} INFO - [INFO] Predictions saved: s3://projet-final-dsl-ft37-julien-charlier/data_prod/20260326-165611_windscan_predictions.csv (rows=1)
[2026-03-26T16:56:12.887+0000] {python.py:240} INFO - Done. Returned value was: None
[2026-03-26T16:56:12.895+0000] {taskinstance.py:340} INFO - ::group::Post task execution logs
[2026-03-26T16:56:12.896+0000] {taskinstance.py:352} INFO - Marking task as SUCCESS. dag_id=etl_WINDSCAN_dag, task_id=predict_with_model_turbine, run_id=manual__2026-03-26T16:56:04.918585+00:00, execution_date=20260326T165604, start_date=20260326T165610, end_date=20260326T165612
[2026-03-26T16:56:12.953+0000] {local_task_job_runner.py:266} INFO - Task exited with return code 0
[2026-03-26T16:56:12.994+0000] {taskinstance.py:3895} INFO - 1 downstream tasks scheduled from follow-on schedule check
[2026-03-26T16:56:12.996+0000] {local_task_job_runner.py:245} INFO - ::endgroup::
