[2026-03-26T16:55:01.809+0000] {local_task_job_runner.py:123} INFO - ::group::Pre task execution logs
[2026-03-26T16:55:01.842+0000] {taskinstance.py:2613} INFO - Dependencies all met for dep_context=non-requeueable deps ti=<TaskInstance: etl_WINDSCAN_dag.load_branch.transfer_predictions_to_postgres manual__2026-03-26T16:54:49.936638+00:00 [queued]>
[2026-03-26T16:55:01.848+0000] {taskinstance.py:2613} INFO - Dependencies all met for dep_context=requeueable deps ti=<TaskInstance: etl_WINDSCAN_dag.load_branch.transfer_predictions_to_postgres manual__2026-03-26T16:54:49.936638+00:00 [queued]>
[2026-03-26T16:55:01.848+0000] {taskinstance.py:2866} INFO - Starting attempt 1 of 2
[2026-03-26T16:55:01.855+0000] {taskinstance.py:2889} INFO - Executing <Task(S3ToPostgresOperator): load_branch.transfer_predictions_to_postgres> on 2026-03-26 16:54:49.936638+00:00
[2026-03-26T16:55:01.860+0000] {standard_task_runner.py:72} INFO - Started process 14455 to run task
[2026-03-26T16:55:01.863+0000] {standard_task_runner.py:104} INFO - Running: ['***', 'tasks', 'run', 'etl_WINDSCAN_dag', 'load_branch.transfer_predictions_to_postgres', 'manual__2026-03-26T16:54:49.936638+00:00', '--job-id', '90', '--raw', '--subdir', 'DAGS_FOLDER/etl_windscan_dag_with_api.py', '--cfg-path', '/tmp/tmpf6qqxnot']
[2026-03-26T16:55:01.868+0000] {standard_task_runner.py:105} INFO - Job 90: Subtask load_branch.transfer_predictions_to_postgres
[2026-03-26T16:55:01.923+0000] {task_command.py:467} INFO - Running <TaskInstance: etl_WINDSCAN_dag.load_branch.transfer_predictions_to_postgres manual__2026-03-26T16:54:49.936638+00:00 [running]> on host 467f5dfd2d61
[2026-03-26T16:55:01.999+0000] {taskinstance.py:3132} INFO - Exporting env vars: AIRFLOW_CTX_DAG_OWNER='Julien' AIRFLOW_CTX_DAG_ID='etl_WINDSCAN_dag' AIRFLOW_CTX_TASK_ID='load_branch.transfer_predictions_to_postgres' AIRFLOW_CTX_EXECUTION_DATE='2026-03-26T16:54:49.936638+00:00' AIRFLOW_CTX_TRY_NUMBER='1' AIRFLOW_CTX_DAG_RUN_ID='manual__2026-03-26T16:54:49.936638+00:00'
[2026-03-26T16:55:02.001+0000] {taskinstance.py:731} INFO - ::endgroup::
[2026-03-26T16:55:02.008+0000] {s3.py:1461} INFO - Downloading source S3 file from Bucket projet-final-dsl-ft37-julien-charlier with path data_prod/20260326-165457_windscan_predictions.csv
[2026-03-26T16:55:02.016+0000] {base.py:84} INFO - Retrieving connection 'aws_default'
[2026-03-26T16:55:02.016+0000] {connection_wrapper.py:325} INFO - AWS Connection (conn_id='aws_default', conn_type='aws') credentials retrieved from login and password.
[2026-03-26T16:55:03.843+0000] {taskinstance.py:3311} ERROR - Task failed with exception
Traceback (most recent call last):
  File "/home/airflow/.local/lib/python3.10/site-packages/airflow/models/taskinstance.py", line 767, in _execute_task
    result = _execute_callable(context=context, **execute_callable_kwargs)
  File "/home/airflow/.local/lib/python3.10/site-packages/airflow/models/taskinstance.py", line 733, in _execute_callable
    return ExecutionCallableRunner(
  File "/home/airflow/.local/lib/python3.10/site-packages/airflow/utils/operator_helpers.py", line 252, in run
    return self.func(*args, **kwargs)
  File "/home/airflow/.local/lib/python3.10/site-packages/airflow/models/baseoperator.py", line 422, in wrapper
    return func(self, *args, **kwargs)
  File "/opt/airflow/plugins/operators/s3_to_postgres.py", line 33, in execute
    df_file = pd.read_csv(returned_filename, header=True)
  File "/home/airflow/.local/lib/python3.10/site-packages/pandas/io/parsers/readers.py", line 948, in read_csv
    return _read(filepath_or_buffer, kwds)
  File "/home/airflow/.local/lib/python3.10/site-packages/pandas/io/parsers/readers.py", line 611, in _read
    parser = TextFileReader(filepath_or_buffer, **kwds)
  File "/home/airflow/.local/lib/python3.10/site-packages/pandas/io/parsers/readers.py", line 1442, in __init__
    self.options, self.engine = self._clean_options(options, engine)
  File "/home/airflow/.local/lib/python3.10/site-packages/pandas/io/parsers/readers.py", line 1615, in _clean_options
    validate_header_arg(options["header"])
  File "/home/airflow/.local/lib/python3.10/site-packages/pandas/io/common.py", line 212, in validate_header_arg
    raise TypeError(
TypeError: Passing a bool to header is invalid. Use header=None for no header or header=int or list-like of ints to specify the row(s) making up the column names
[2026-03-26T16:55:03.869+0000] {taskinstance.py:1225} INFO - Marking task as UP_FOR_RETRY. dag_id=etl_WINDSCAN_dag, task_id=load_branch.transfer_predictions_to_postgres, run_id=manual__2026-03-26T16:54:49.936638+00:00, execution_date=20260326T165449, start_date=20260326T165501, end_date=20260326T165503
[2026-03-26T16:55:03.892+0000] {taskinstance.py:340} INFO - ::group::Post task execution logs
[2026-03-26T16:55:03.892+0000] {standard_task_runner.py:124} ERROR - Failed to execute job 90 for task load_branch.transfer_predictions_to_postgres (Passing a bool to header is invalid. Use header=None for no header or header=int or list-like of ints to specify the row(s) making up the column names; 14455)
Traceback (most recent call last):
  File "/home/airflow/.local/lib/python3.10/site-packages/airflow/task/task_runner/standard_task_runner.py", line 117, in _start_by_fork
    ret = args.func(args, dag=self.dag)
  File "/home/airflow/.local/lib/python3.10/site-packages/airflow/cli/cli_config.py", line 49, in command
    return func(*args, **kwargs)
  File "/home/airflow/.local/lib/python3.10/site-packages/airflow/utils/cli.py", line 116, in wrapper
    return f(*args, **kwargs)
  File "/home/airflow/.local/lib/python3.10/site-packages/airflow/cli/commands/task_command.py", line 483, in task_run
    task_return_code = _run_task_by_selected_method(args, _dag, ti)
  File "/home/airflow/.local/lib/python3.10/site-packages/airflow/cli/commands/task_command.py", line 256, in _run_task_by_selected_method
    return _run_raw_task(args, ti)
  File "/home/airflow/.local/lib/python3.10/site-packages/airflow/cli/commands/task_command.py", line 341, in _run_raw_task
    return ti._run_raw_task(
  File "/home/airflow/.local/lib/python3.10/site-packages/airflow/utils/session.py", line 97, in wrapper
    return func(*args, session=session, **kwargs)
  File "/home/airflow/.local/lib/python3.10/site-packages/airflow/models/taskinstance.py", line 3005, in _run_raw_task
    return _run_raw_task(
  File "/home/airflow/.local/lib/python3.10/site-packages/airflow/models/taskinstance.py", line 273, in _run_raw_task
    TaskInstance._execute_task_with_callbacks(
  File "/home/airflow/.local/lib/python3.10/site-packages/airflow/models/taskinstance.py", line 3159, in _execute_task_with_callbacks
    result = self._execute_task(context, task_orig)
  File "/home/airflow/.local/lib/python3.10/site-packages/airflow/models/taskinstance.py", line 3183, in _execute_task
    return _execute_task(self, context, task_orig)
  File "/home/airflow/.local/lib/python3.10/site-packages/airflow/models/taskinstance.py", line 767, in _execute_task
    result = _execute_callable(context=context, **execute_callable_kwargs)
  File "/home/airflow/.local/lib/python3.10/site-packages/airflow/models/taskinstance.py", line 733, in _execute_callable
    return ExecutionCallableRunner(
  File "/home/airflow/.local/lib/python3.10/site-packages/airflow/utils/operator_helpers.py", line 252, in run
    return self.func(*args, **kwargs)
  File "/home/airflow/.local/lib/python3.10/site-packages/airflow/models/baseoperator.py", line 422, in wrapper
    return func(self, *args, **kwargs)
  File "/opt/airflow/plugins/operators/s3_to_postgres.py", line 33, in execute
    df_file = pd.read_csv(returned_filename, header=True)
  File "/home/airflow/.local/lib/python3.10/site-packages/pandas/io/parsers/readers.py", line 948, in read_csv
    return _read(filepath_or_buffer, kwds)
  File "/home/airflow/.local/lib/python3.10/site-packages/pandas/io/parsers/readers.py", line 611, in _read
    parser = TextFileReader(filepath_or_buffer, **kwds)
  File "/home/airflow/.local/lib/python3.10/site-packages/pandas/io/parsers/readers.py", line 1442, in __init__
    self.options, self.engine = self._clean_options(options, engine)
  File "/home/airflow/.local/lib/python3.10/site-packages/pandas/io/parsers/readers.py", line 1615, in _clean_options
    validate_header_arg(options["header"])
  File "/home/airflow/.local/lib/python3.10/site-packages/pandas/io/common.py", line 212, in validate_header_arg
    raise TypeError(
TypeError: Passing a bool to header is invalid. Use header=None for no header or header=int or list-like of ints to specify the row(s) making up the column names
[2026-03-26T16:55:03.928+0000] {local_task_job_runner.py:266} INFO - Task exited with return code 1
[2026-03-26T16:55:03.974+0000] {taskinstance.py:3895} INFO - 0 downstream tasks scheduled from follow-on schedule check
[2026-03-26T16:55:03.975+0000] {local_task_job_runner.py:245} INFO - ::endgroup::
