[2026-03-26T16:54:58.752+0000] {local_task_job_runner.py:123} INFO - ::group::Pre task execution logs
[2026-03-26T16:54:58.764+0000] {taskinstance.py:2613} INFO - Dependencies all met for dep_context=non-requeueable deps ti=<TaskInstance: etl_WINDSCAN_dag.load_branch.create_predictions_table manual__2026-03-26T16:54:49.936638+00:00 [queued]>
[2026-03-26T16:54:58.768+0000] {taskinstance.py:2613} INFO - Dependencies all met for dep_context=requeueable deps ti=<TaskInstance: etl_WINDSCAN_dag.load_branch.create_predictions_table manual__2026-03-26T16:54:49.936638+00:00 [queued]>
[2026-03-26T16:54:58.768+0000] {taskinstance.py:2866} INFO - Starting attempt 1 of 2
[2026-03-26T16:54:58.773+0000] {taskinstance.py:2889} INFO - Executing <Task(PostgresOperator): load_branch.create_predictions_table> on 2026-03-26 16:54:49.936638+00:00
[2026-03-26T16:54:58.779+0000] {standard_task_runner.py:72} INFO - Started process 14444 to run task
[2026-03-26T16:54:58.782+0000] {standard_task_runner.py:104} INFO - Running: ['***', 'tasks', 'run', 'etl_WINDSCAN_dag', 'load_branch.create_predictions_table', 'manual__2026-03-26T16:54:49.936638+00:00', '--job-id', '89', '--raw', '--subdir', 'DAGS_FOLDER/etl_windscan_dag_with_api.py', '--cfg-path', '/tmp/tmp5sfmcehd']
[2026-03-26T16:54:58.789+0000] {standard_task_runner.py:105} INFO - Job 89: Subtask load_branch.create_predictions_table
[2026-03-26T16:54:58.818+0000] {task_command.py:467} INFO - Running <TaskInstance: etl_WINDSCAN_dag.load_branch.create_predictions_table manual__2026-03-26T16:54:49.936638+00:00 [running]> on host 467f5dfd2d61
[2026-03-26T16:54:58.868+0000] {taskinstance.py:3132} INFO - Exporting env vars: AIRFLOW_CTX_DAG_OWNER='Julien' AIRFLOW_CTX_DAG_ID='etl_WINDSCAN_dag' AIRFLOW_CTX_TASK_ID='load_branch.create_predictions_table' AIRFLOW_CTX_EXECUTION_DATE='2026-03-26T16:54:49.936638+00:00' AIRFLOW_CTX_TRY_NUMBER='1' AIRFLOW_CTX_DAG_RUN_ID='manual__2026-03-26T16:54:49.936638+00:00'
[2026-03-26T16:54:58.869+0000] {taskinstance.py:731} INFO - ::endgroup::
[2026-03-26T16:54:58.878+0000] {sql.py:278} INFO - Executing: 
            CREATE TABLE IF NOT EXISTS wind_turbine_predictions (
                id SERIAL PRIMARY KEY,
                Hour_Index NUMERIC,
                Turbine_ID INTEGER,
                Rotor_Speed_RPM NUMERIC,
                Wind_Speed_mps NUMERIC,
                Power_Output_kW NUMERIC,
                Gearbox_Oil_Temp_C NUMERIC,
                Generator_Bearing_Temp_C NUMERIC,
                Vibration_Level_mmps NUMERIC,
                Ambient_Temp_C NUMERIC,
                Humidity_pct NUMERIC,
                Maintenance_Label INTEGER,
                prediction INTEGER,
                target_actual INTEGER,
                created_at TIMESTAMP DEFAULT CURRENT_TIMESTAMP
            );
            
[2026-03-26T16:54:58.885+0000] {base.py:84} INFO - Retrieving connection 'postgres_default'
[2026-03-26T16:54:58.890+0000] {base.py:84} INFO - Retrieving connection 'postgres_default'
[2026-03-26T16:55:00.544+0000] {sql.py:553} INFO - Running statement: 
            CREATE TABLE IF NOT EXISTS wind_turbine_predictions (
                id SERIAL PRIMARY KEY,
                Hour_Index NUMERIC,
                Turbine_ID INTEGER,
                Rotor_Speed_RPM NUMERIC,
                Wind_Speed_mps NUMERIC,
                Power_Output_kW NUMERIC,
                Gearbox_Oil_Temp_C NUMERIC,
                Generator_Bearing_Temp_C NUMERIC,
                Vibration_Level_mmps NUMERIC,
                Ambient_Temp_C NUMERIC,
                Humidity_pct NUMERIC,
                Maintenance_Label INTEGER,
                prediction INTEGER,
                target_actual INTEGER,
                created_at TIMESTAMP DEFAULT CURRENT_TIMESTAMP
            );
            , parameters: None
[2026-03-26T16:55:00.871+0000] {taskinstance.py:340} INFO - ::group::Post task execution logs
[2026-03-26T16:55:00.872+0000] {taskinstance.py:352} INFO - Marking task as SUCCESS. dag_id=etl_WINDSCAN_dag, task_id=load_branch.create_predictions_table, run_id=manual__2026-03-26T16:54:49.936638+00:00, execution_date=20260326T165449, start_date=20260326T165458, end_date=20260326T165500
[2026-03-26T16:55:00.904+0000] {local_task_job_runner.py:266} INFO - Task exited with return code 0
[2026-03-26T16:55:00.931+0000] {taskinstance.py:3895} INFO - 1 downstream tasks scheduled from follow-on schedule check
[2026-03-26T16:55:00.932+0000] {local_task_job_runner.py:245} INFO - ::endgroup::
