[2026-03-26T16:16:54.111+0000] {local_task_job_runner.py:123} INFO - ::group::Pre task execution logs
[2026-03-26T16:16:54.117+0000] {taskinstance.py:2613} INFO - Dependencies all met for dep_context=non-requeueable deps ti=<TaskInstance: etl_WINDSCAN_dag.extract_raw_turbine_batch manual__2026-03-26T16:16:52.561465+00:00 [queued]>
[2026-03-26T16:16:54.120+0000] {taskinstance.py:2613} INFO - Dependencies all met for dep_context=requeueable deps ti=<TaskInstance: etl_WINDSCAN_dag.extract_raw_turbine_batch manual__2026-03-26T16:16:52.561465+00:00 [queued]>
[2026-03-26T16:16:54.120+0000] {taskinstance.py:2866} INFO - Starting attempt 1 of 2
[2026-03-26T16:16:54.126+0000] {taskinstance.py:2889} INFO - Executing <Task(PythonOperator): extract_raw_turbine_batch> on 2026-03-26 16:16:52.561465+00:00
[2026-03-26T16:16:54.132+0000] {standard_task_runner.py:72} INFO - Started process 12952 to run task
[2026-03-26T16:16:54.135+0000] {standard_task_runner.py:104} INFO - Running: ['***', 'tasks', 'run', 'etl_WINDSCAN_dag', 'extract_raw_turbine_batch', 'manual__2026-03-26T16:16:52.561465+00:00', '--job-id', '66', '--raw', '--subdir', 'DAGS_FOLDER/etl_windscan_dag_with_api.py', '--cfg-path', '/tmp/tmpuw2k3h2g']
[2026-03-26T16:16:54.147+0000] {standard_task_runner.py:105} INFO - Job 66: Subtask extract_raw_turbine_batch
[2026-03-26T16:16:54.182+0000] {task_command.py:467} INFO - Running <TaskInstance: etl_WINDSCAN_dag.extract_raw_turbine_batch manual__2026-03-26T16:16:52.561465+00:00 [running]> on host 467f5dfd2d61
[2026-03-26T16:16:54.235+0000] {taskinstance.py:3132} INFO - Exporting env vars: AIRFLOW_CTX_DAG_OWNER='Julien' AIRFLOW_CTX_DAG_ID='etl_WINDSCAN_dag' AIRFLOW_CTX_TASK_ID='extract_raw_turbine_batch' AIRFLOW_CTX_EXECUTION_DATE='2026-03-26T16:16:52.561465+00:00' AIRFLOW_CTX_TRY_NUMBER='1' AIRFLOW_CTX_DAG_RUN_ID='manual__2026-03-26T16:16:52.561465+00:00'
[2026-03-26T16:16:54.236+0000] {taskinstance.py:731} INFO - ::endgroup::
[2026-03-26T16:16:54.258+0000] {s3.py:1461} INFO - Downloading source S3 file from Bucket projet-final-dsl-ft37-julien-charlier with path data/dataset.csv
[2026-03-26T16:16:54.265+0000] {base.py:84} INFO - Retrieving connection 'aws_default'
[2026-03-26T16:16:54.265+0000] {connection_wrapper.py:325} INFO - AWS Connection (conn_id='aws_default', conn_type='aws') credentials retrieved from login and password.
[2026-03-26T16:16:56.541+0000] {hook.py:208} WARNING - Data lineage tracking is disabled. Register a hook lineage reader to start tracking hook lineage.
[2026-03-26T16:16:56.542+0000] {hook.py:208} WARNING - Data lineage tracking is disabled. Register a hook lineage reader to start tracking hook lineage.
[2026-03-26T16:16:56.560+0000] {python.py:240} INFO - Done. Returned value was: None
[2026-03-26T16:16:56.567+0000] {taskinstance.py:340} INFO - ::group::Post task execution logs
[2026-03-26T16:16:56.567+0000] {taskinstance.py:352} INFO - Marking task as SUCCESS. dag_id=etl_WINDSCAN_dag, task_id=extract_raw_turbine_batch, run_id=manual__2026-03-26T16:16:52.561465+00:00, execution_date=20260326T161652, start_date=20260326T161654, end_date=20260326T161656
[2026-03-26T16:16:56.614+0000] {local_task_job_runner.py:266} INFO - Task exited with return code 0
[2026-03-26T16:16:56.640+0000] {taskinstance.py:3895} INFO - 1 downstream tasks scheduled from follow-on schedule check
[2026-03-26T16:16:56.641+0000] {local_task_job_runner.py:245} INFO - ::endgroup::
