[2026-03-26T16:25:43.005+0000] {local_task_job_runner.py:123} INFO - ::group::Pre task execution logs
[2026-03-26T16:25:43.013+0000] {taskinstance.py:2613} INFO - Dependencies all met for dep_context=non-requeueable deps ti=<TaskInstance: etl_WINDSCAN_dag.predict_with_model_ibm manual__2026-03-26T16:25:36.891165+00:00 [queued]>
[2026-03-26T16:25:43.017+0000] {taskinstance.py:2613} INFO - Dependencies all met for dep_context=requeueable deps ti=<TaskInstance: etl_WINDSCAN_dag.predict_with_model_ibm manual__2026-03-26T16:25:36.891165+00:00 [queued]>
[2026-03-26T16:25:43.017+0000] {taskinstance.py:2866} INFO - Starting attempt 1 of 2
[2026-03-26T16:25:43.022+0000] {taskinstance.py:2889} INFO - Executing <Task(PythonOperator): predict_with_model_ibm> on 2026-03-26 16:25:36.891165+00:00
[2026-03-26T16:25:43.026+0000] {standard_task_runner.py:72} INFO - Started process 13330 to run task
[2026-03-26T16:25:43.028+0000] {standard_task_runner.py:104} INFO - Running: ['***', 'tasks', 'run', 'etl_WINDSCAN_dag', 'predict_with_model_ibm', 'manual__2026-03-26T16:25:36.891165+00:00', '--job-id', '75', '--raw', '--subdir', 'DAGS_FOLDER/etl_windscan_dag_with_api.py', '--cfg-path', '/tmp/tmpfdvvcu5k']
[2026-03-26T16:25:43.030+0000] {standard_task_runner.py:105} INFO - Job 75: Subtask predict_with_model_ibm
[2026-03-26T16:25:43.066+0000] {task_command.py:467} INFO - Running <TaskInstance: etl_WINDSCAN_dag.predict_with_model_ibm manual__2026-03-26T16:25:36.891165+00:00 [running]> on host 467f5dfd2d61
[2026-03-26T16:25:43.108+0000] {taskinstance.py:3132} INFO - Exporting env vars: AIRFLOW_CTX_DAG_OWNER='Julien' AIRFLOW_CTX_DAG_ID='etl_WINDSCAN_dag' AIRFLOW_CTX_TASK_ID='predict_with_model_ibm' AIRFLOW_CTX_EXECUTION_DATE='2026-03-26T16:25:36.891165+00:00' AIRFLOW_CTX_TRY_NUMBER='1' AIRFLOW_CTX_DAG_RUN_ID='manual__2026-03-26T16:25:36.891165+00:00'
[2026-03-26T16:25:43.109+0000] {taskinstance.py:731} INFO - ::endgroup::
[2026-03-26T16:25:43.143+0000] {s3.py:1461} INFO - Downloading source S3 file from Bucket projet-final-dsl-ft37-julien-charlier with path data/sample_20260326-162540.csv
[2026-03-26T16:25:43.152+0000] {base.py:84} INFO - Retrieving connection 'aws_default'
[2026-03-26T16:25:43.152+0000] {connection_wrapper.py:325} INFO - AWS Connection (conn_id='aws_default', conn_type='aws') credentials retrieved from login and password.
[2026-03-26T16:25:43.776+0000] {logging_mixin.py:190} INFO - [INFO] Downloaded raw batch: s3://projet-final-dsl-ft37-julien-charlier/data/sample_20260326-162540.csv -> /tmp/***_tmp_2b049oie
[2026-03-26T16:25:43.782+0000] {logging_mixin.py:190} INFO - [INFO] Features dataframe prepared: shape=(1, 11)
[2026-03-26T16:25:43.783+0000] {logging_mixin.py:190} INFO - [DEBUG] Row 0 payload: {'Hour_Index': 6757.0, 'Turbine_ID': 1.0, 'Rotor_Speed_RPM': 14.1151008049, 'Wind_Speed_mps': 6.7983824155, 'Power_Output_kW': 1550.0064723838, 'Gearbox_Oil_Temp_C': 59.4709294845, 'Generator_Bearing_Temp_C': 70.9090647076, 'Vibration_Level_mmps': 2.3161156127, 'Ambient_Temp_C': 17.9428167359, 'Humidity_pct': 71.9126624938, 'Maintenance_Label': 0.0}
[2026-03-26T16:25:44.188+0000] {logging_mixin.py:190} INFO - [INFO] Prediction OK for row 0: 2
[2026-03-26T16:25:44.814+0000] {hook.py:208} WARNING - Data lineage tracking is disabled. Register a hook lineage reader to start tracking hook lineage.
[2026-03-26T16:25:44.815+0000] {hook.py:208} WARNING - Data lineage tracking is disabled. Register a hook lineage reader to start tracking hook lineage.
[2026-03-26T16:25:44.835+0000] {logging_mixin.py:190} INFO - [INFO] Predictions saved: s3://projet-final-dsl-ft37-julien-charlier/data_prod/20260326-162544_windscan_predictions.csv (rows=1)
[2026-03-26T16:25:44.837+0000] {python.py:240} INFO - Done. Returned value was: None
[2026-03-26T16:25:44.843+0000] {taskinstance.py:340} INFO - ::group::Post task execution logs
[2026-03-26T16:25:44.843+0000] {taskinstance.py:352} INFO - Marking task as SUCCESS. dag_id=etl_WINDSCAN_dag, task_id=predict_with_model_ibm, run_id=manual__2026-03-26T16:25:36.891165+00:00, execution_date=20260326T162536, start_date=20260326T162543, end_date=20260326T162544
[2026-03-26T16:25:44.888+0000] {local_task_job_runner.py:266} INFO - Task exited with return code 0
[2026-03-26T16:25:44.903+0000] {taskinstance.py:3895} INFO - 1 downstream tasks scheduled from follow-on schedule check
[2026-03-26T16:25:44.903+0000] {local_task_job_runner.py:245} INFO - ::endgroup::
