[2026-03-26T16:56:07.066+0000] {local_task_job_runner.py:123} INFO - ::group::Pre task execution logs
[2026-03-26T16:56:07.079+0000] {taskinstance.py:2613} INFO - Dependencies all met for dep_context=non-requeueable deps ti=<TaskInstance: etl_WINDSCAN_dag.extract_raw_turbine_batch manual__2026-03-26T16:56:04.918585+00:00 [queued]>
[2026-03-26T16:56:07.089+0000] {taskinstance.py:2613} INFO - Dependencies all met for dep_context=requeueable deps ti=<TaskInstance: etl_WINDSCAN_dag.extract_raw_turbine_batch manual__2026-03-26T16:56:04.918585+00:00 [queued]>
[2026-03-26T16:56:07.089+0000] {taskinstance.py:2866} INFO - Starting attempt 1 of 2
[2026-03-26T16:56:07.103+0000] {taskinstance.py:2889} INFO - Executing <Task(PythonOperator): extract_raw_turbine_batch> on 2026-03-26 16:56:04.918585+00:00
[2026-03-26T16:56:07.115+0000] {standard_task_runner.py:72} INFO - Started process 14499 to run task
[2026-03-26T16:56:07.119+0000] {standard_task_runner.py:104} INFO - Running: ['***', 'tasks', 'run', 'etl_WINDSCAN_dag', 'extract_raw_turbine_batch', 'manual__2026-03-26T16:56:04.918585+00:00', '--job-id', '92', '--raw', '--subdir', 'DAGS_FOLDER/etl_windscan_dag_with_api.py', '--cfg-path', '/tmp/tmpgso4ef3z']
[2026-03-26T16:56:07.133+0000] {standard_task_runner.py:105} INFO - Job 92: Subtask extract_raw_turbine_batch
[2026-03-26T16:56:07.202+0000] {task_command.py:467} INFO - Running <TaskInstance: etl_WINDSCAN_dag.extract_raw_turbine_batch manual__2026-03-26T16:56:04.918585+00:00 [running]> on host 467f5dfd2d61
[2026-03-26T16:56:07.278+0000] {taskinstance.py:3132} INFO - Exporting env vars: AIRFLOW_CTX_DAG_OWNER='Julien' AIRFLOW_CTX_DAG_ID='etl_WINDSCAN_dag' AIRFLOW_CTX_TASK_ID='extract_raw_turbine_batch' AIRFLOW_CTX_EXECUTION_DATE='2026-03-26T16:56:04.918585+00:00' AIRFLOW_CTX_TRY_NUMBER='1' AIRFLOW_CTX_DAG_RUN_ID='manual__2026-03-26T16:56:04.918585+00:00'
[2026-03-26T16:56:07.280+0000] {taskinstance.py:731} INFO - ::endgroup::
[2026-03-26T16:56:07.295+0000] {s3.py:1461} INFO - Downloading source S3 file from Bucket projet-final-dsl-ft37-julien-charlier with path data/dataset.csv
[2026-03-26T16:56:07.303+0000] {base.py:84} INFO - Retrieving connection 'aws_default'
[2026-03-26T16:56:07.305+0000] {connection_wrapper.py:325} INFO - AWS Connection (conn_id='aws_default', conn_type='aws') credentials retrieved from login and password.
[2026-03-26T16:56:09.160+0000] {hook.py:208} WARNING - Data lineage tracking is disabled. Register a hook lineage reader to start tracking hook lineage.
[2026-03-26T16:56:09.160+0000] {hook.py:208} WARNING - Data lineage tracking is disabled. Register a hook lineage reader to start tracking hook lineage.
[2026-03-26T16:56:09.176+0000] {python.py:240} INFO - Done. Returned value was: None
[2026-03-26T16:56:09.181+0000] {taskinstance.py:340} INFO - ::group::Post task execution logs
[2026-03-26T16:56:09.181+0000] {taskinstance.py:352} INFO - Marking task as SUCCESS. dag_id=etl_WINDSCAN_dag, task_id=extract_raw_turbine_batch, run_id=manual__2026-03-26T16:56:04.918585+00:00, execution_date=20260326T165604, start_date=20260326T165607, end_date=20260326T165609
[2026-03-26T16:56:09.196+0000] {local_task_job_runner.py:266} INFO - Task exited with return code 0
[2026-03-26T16:56:09.205+0000] {local_task_job_runner.py:245} INFO - ::endgroup::
