[2026-03-26T14:47:47.061+0000] {local_task_job_runner.py:123} INFO - ::group::Pre task execution logs
[2026-03-26T14:47:47.072+0000] {taskinstance.py:2613} INFO - Dependencies all met for dep_context=non-requeueable deps ti=<TaskInstance: etl_WINDSCAN_dag.extract_raw_employees_batch manual__2026-03-26T14:47:45.387138+00:00 [queued]>
[2026-03-26T14:47:47.077+0000] {taskinstance.py:2613} INFO - Dependencies all met for dep_context=requeueable deps ti=<TaskInstance: etl_WINDSCAN_dag.extract_raw_employees_batch manual__2026-03-26T14:47:45.387138+00:00 [queued]>
[2026-03-26T14:47:47.077+0000] {taskinstance.py:2866} INFO - Starting attempt 1 of 2
[2026-03-26T14:47:47.082+0000] {taskinstance.py:2889} INFO - Executing <Task(PythonOperator): extract_raw_employees_batch> on 2026-03-26 14:47:45.387138+00:00
[2026-03-26T14:47:47.087+0000] {standard_task_runner.py:72} INFO - Started process 9617 to run task
[2026-03-26T14:47:47.091+0000] {standard_task_runner.py:104} INFO - Running: ['***', 'tasks', 'run', 'etl_WINDSCAN_dag', 'extract_raw_employees_batch', 'manual__2026-03-26T14:47:45.387138+00:00', '--job-id', '39', '--raw', '--subdir', 'DAGS_FOLDER/etl_attrition_dag_with_api.py', '--cfg-path', '/tmp/tmp0malcv6p']
[2026-03-26T14:47:47.104+0000] {standard_task_runner.py:105} INFO - Job 39: Subtask extract_raw_employees_batch
[2026-03-26T14:47:47.177+0000] {task_command.py:467} INFO - Running <TaskInstance: etl_WINDSCAN_dag.extract_raw_employees_batch manual__2026-03-26T14:47:45.387138+00:00 [running]> on host 467f5dfd2d61
[2026-03-26T14:47:47.228+0000] {taskinstance.py:3132} INFO - Exporting env vars: AIRFLOW_CTX_DAG_OWNER='Julien' AIRFLOW_CTX_DAG_ID='etl_WINDSCAN_dag' AIRFLOW_CTX_TASK_ID='extract_raw_employees_batch' AIRFLOW_CTX_EXECUTION_DATE='2026-03-26T14:47:45.387138+00:00' AIRFLOW_CTX_TRY_NUMBER='1' AIRFLOW_CTX_DAG_RUN_ID='manual__2026-03-26T14:47:45.387138+00:00'
[2026-03-26T14:47:47.229+0000] {taskinstance.py:731} INFO - ::endgroup::
[2026-03-26T14:47:47.254+0000] {s3.py:1461} INFO - Downloading source S3 file from Bucket projet-final-dsl-ft37-julien-charlier with path data/dataset.csv
[2026-03-26T14:47:47.262+0000] {base.py:84} INFO - Retrieving connection 'aws_default'
[2026-03-26T14:47:47.263+0000] {connection_wrapper.py:325} INFO - AWS Connection (conn_id='aws_default', conn_type='aws') credentials retrieved from login and password.
[2026-03-26T14:47:48.871+0000] {python.py:240} INFO - Done. Returned value was: None
[2026-03-26T14:47:48.886+0000] {taskinstance.py:340} INFO - ::group::Post task execution logs
[2026-03-26T14:47:48.887+0000] {taskinstance.py:352} INFO - Marking task as SUCCESS. dag_id=etl_WINDSCAN_dag, task_id=extract_raw_employees_batch, run_id=manual__2026-03-26T14:47:45.387138+00:00, execution_date=20260326T144745, start_date=20260326T144747, end_date=20260326T144748
[2026-03-26T14:47:48.913+0000] {local_task_job_runner.py:266} INFO - Task exited with return code 0
[2026-03-26T14:47:48.943+0000] {taskinstance.py:3895} INFO - 1 downstream tasks scheduled from follow-on schedule check
[2026-03-26T14:47:48.946+0000] {local_task_job_runner.py:245} INFO - ::endgroup::
