[2026-03-26T16:35:10.371+0000] {local_task_job_runner.py:123} INFO - ::group::Pre task execution logs
[2026-03-26T16:35:10.379+0000] {taskinstance.py:2613} INFO - Dependencies all met for dep_context=non-requeueable deps ti=<TaskInstance: etl_WINDSCAN_dag.predict_with_model_ibm manual__2026-03-26T16:35:03.569413+00:00 [queued]>
[2026-03-26T16:35:10.383+0000] {taskinstance.py:2613} INFO - Dependencies all met for dep_context=requeueable deps ti=<TaskInstance: etl_WINDSCAN_dag.predict_with_model_ibm manual__2026-03-26T16:35:03.569413+00:00 [queued]>
[2026-03-26T16:35:10.383+0000] {taskinstance.py:2866} INFO - Starting attempt 1 of 2
[2026-03-26T16:35:10.388+0000] {taskinstance.py:2889} INFO - Executing <Task(PythonOperator): predict_with_model_ibm> on 2026-03-26 16:35:03.569413+00:00
[2026-03-26T16:35:10.392+0000] {standard_task_runner.py:72} INFO - Started process 13679 to run task
[2026-03-26T16:35:10.395+0000] {standard_task_runner.py:104} INFO - Running: ['***', 'tasks', 'run', 'etl_WINDSCAN_dag', 'predict_with_model_ibm', 'manual__2026-03-26T16:35:03.569413+00:00', '--job-id', '79', '--raw', '--subdir', 'DAGS_FOLDER/etl_windscan_dag_with_api.py', '--cfg-path', '/tmp/tmpsc6c7cwz']
[2026-03-26T16:35:10.397+0000] {standard_task_runner.py:105} INFO - Job 79: Subtask predict_with_model_ibm
[2026-03-26T16:35:10.430+0000] {task_command.py:467} INFO - Running <TaskInstance: etl_WINDSCAN_dag.predict_with_model_ibm manual__2026-03-26T16:35:03.569413+00:00 [running]> on host 467f5dfd2d61
[2026-03-26T16:35:10.467+0000] {taskinstance.py:3132} INFO - Exporting env vars: AIRFLOW_CTX_DAG_OWNER='Julien' AIRFLOW_CTX_DAG_ID='etl_WINDSCAN_dag' AIRFLOW_CTX_TASK_ID='predict_with_model_ibm' AIRFLOW_CTX_EXECUTION_DATE='2026-03-26T16:35:03.569413+00:00' AIRFLOW_CTX_TRY_NUMBER='1' AIRFLOW_CTX_DAG_RUN_ID='manual__2026-03-26T16:35:03.569413+00:00'
[2026-03-26T16:35:10.468+0000] {taskinstance.py:731} INFO - ::endgroup::
[2026-03-26T16:35:10.499+0000] {s3.py:1461} INFO - Downloading source S3 file from Bucket projet-final-dsl-ft37-julien-charlier with path data/sample_20260326-163508.csv
[2026-03-26T16:35:10.504+0000] {base.py:84} INFO - Retrieving connection 'aws_default'
[2026-03-26T16:35:10.504+0000] {connection_wrapper.py:325} INFO - AWS Connection (conn_id='aws_default', conn_type='aws') credentials retrieved from login and password.
[2026-03-26T16:35:10.987+0000] {logging_mixin.py:190} INFO - [INFO] Downloaded raw batch: s3://projet-final-dsl-ft37-julien-charlier/data/sample_20260326-163508.csv -> /tmp/***_tmp_srem7zsd
[2026-03-26T16:35:10.996+0000] {logging_mixin.py:190} INFO - [INFO] Features dataframe prepared: shape=(1, 11)
[2026-03-26T16:35:10.998+0000] {logging_mixin.py:190} INFO - [DEBUG] Row 0 payload: {'Hour_Index': 6757.0, 'Turbine_ID': 1.0, 'Rotor_Speed_RPM': 14.1151008049, 'Wind_Speed_mps': 6.7983824155, 'Power_Output_kW': 1550.0064723838, 'Gearbox_Oil_Temp_C': 59.4709294845, 'Generator_Bearing_Temp_C': 70.9090647076, 'Vibration_Level_mmps': 2.3161156127, 'Ambient_Temp_C': 17.9428167359, 'Humidity_pct': 71.9126624938, 'Maintenance_Label': 0.0}
[2026-03-26T16:35:11.494+0000] {logging_mixin.py:190} INFO - [INFO] Prediction OK for row 0: 2
[2026-03-26T16:35:12.030+0000] {hook.py:208} WARNING - Data lineage tracking is disabled. Register a hook lineage reader to start tracking hook lineage.
[2026-03-26T16:35:12.031+0000] {hook.py:208} WARNING - Data lineage tracking is disabled. Register a hook lineage reader to start tracking hook lineage.
[2026-03-26T16:35:12.058+0000] {logging_mixin.py:190} INFO - [INFO] Predictions saved: s3://projet-final-dsl-ft37-julien-charlier/data_prod/20260326-163511_windscan_predictions.csv (rows=1)
[2026-03-26T16:35:12.060+0000] {python.py:240} INFO - Done. Returned value was: None
[2026-03-26T16:35:12.069+0000] {taskinstance.py:340} INFO - ::group::Post task execution logs
[2026-03-26T16:35:12.070+0000] {taskinstance.py:352} INFO - Marking task as SUCCESS. dag_id=etl_WINDSCAN_dag, task_id=predict_with_model_ibm, run_id=manual__2026-03-26T16:35:03.569413+00:00, execution_date=20260326T163503, start_date=20260326T163510, end_date=20260326T163512
[2026-03-26T16:35:12.133+0000] {local_task_job_runner.py:266} INFO - Task exited with return code 0
[2026-03-26T16:35:12.145+0000] {local_task_job_runner.py:245} INFO - ::endgroup::
