[2026-03-26T16:13:15.464+0000] {local_task_job_runner.py:123} INFO - ::group::Pre task execution logs
[2026-03-26T16:13:15.479+0000] {taskinstance.py:2613} INFO - Dependencies all met for dep_context=non-requeueable deps ti=<TaskInstance: etl_WINDSCAN_dag.extract_raw_turbine_batch manual__2026-03-26T16:13:13.628775+00:00 [queued]>
[2026-03-26T16:13:15.483+0000] {taskinstance.py:2613} INFO - Dependencies all met for dep_context=requeueable deps ti=<TaskInstance: etl_WINDSCAN_dag.extract_raw_turbine_batch manual__2026-03-26T16:13:13.628775+00:00 [queued]>
[2026-03-26T16:13:15.484+0000] {taskinstance.py:2866} INFO - Starting attempt 1 of 2
[2026-03-26T16:13:15.495+0000] {taskinstance.py:2889} INFO - Executing <Task(PythonOperator): extract_raw_turbine_batch> on 2026-03-26 16:13:13.628775+00:00
[2026-03-26T16:13:15.506+0000] {standard_task_runner.py:72} INFO - Started process 12779 to run task
[2026-03-26T16:13:15.510+0000] {standard_task_runner.py:104} INFO - Running: ['***', 'tasks', 'run', 'etl_WINDSCAN_dag', 'extract_raw_turbine_batch', 'manual__2026-03-26T16:13:13.628775+00:00', '--job-id', '58', '--raw', '--subdir', 'DAGS_FOLDER/etl_windscan_dag_with_api.py', '--cfg-path', '/tmp/tmpoaq34khk']
[2026-03-26T16:13:15.513+0000] {standard_task_runner.py:105} INFO - Job 58: Subtask extract_raw_turbine_batch
[2026-03-26T16:13:15.577+0000] {task_command.py:467} INFO - Running <TaskInstance: etl_WINDSCAN_dag.extract_raw_turbine_batch manual__2026-03-26T16:13:13.628775+00:00 [running]> on host 467f5dfd2d61
[2026-03-26T16:13:15.619+0000] {taskinstance.py:3132} INFO - Exporting env vars: AIRFLOW_CTX_DAG_OWNER='Julien' AIRFLOW_CTX_DAG_ID='etl_WINDSCAN_dag' AIRFLOW_CTX_TASK_ID='extract_raw_turbine_batch' AIRFLOW_CTX_EXECUTION_DATE='2026-03-26T16:13:13.628775+00:00' AIRFLOW_CTX_TRY_NUMBER='1' AIRFLOW_CTX_DAG_RUN_ID='manual__2026-03-26T16:13:13.628775+00:00'
[2026-03-26T16:13:15.621+0000] {taskinstance.py:731} INFO - ::endgroup::
[2026-03-26T16:13:15.668+0000] {s3.py:1461} INFO - Downloading source S3 file from Bucket projet-final-dsl-ft37-julien-charlier with path data/dataset.csv
[2026-03-26T16:13:15.688+0000] {base.py:84} INFO - Retrieving connection 'aws_default'
[2026-03-26T16:13:15.689+0000] {connection_wrapper.py:325} INFO - AWS Connection (conn_id='aws_default', conn_type='aws') credentials retrieved from login and password.
[2026-03-26T16:13:17.947+0000] {hook.py:208} WARNING - Data lineage tracking is disabled. Register a hook lineage reader to start tracking hook lineage.
[2026-03-26T16:13:17.948+0000] {hook.py:208} WARNING - Data lineage tracking is disabled. Register a hook lineage reader to start tracking hook lineage.
[2026-03-26T16:13:17.970+0000] {python.py:240} INFO - Done. Returned value was: None
[2026-03-26T16:13:17.976+0000] {taskinstance.py:340} INFO - ::group::Post task execution logs
[2026-03-26T16:13:17.976+0000] {taskinstance.py:352} INFO - Marking task as SUCCESS. dag_id=etl_WINDSCAN_dag, task_id=extract_raw_turbine_batch, run_id=manual__2026-03-26T16:13:13.628775+00:00, execution_date=20260326T161313, start_date=20260326T161315, end_date=20260326T161317
[2026-03-26T16:13:17.993+0000] {local_task_job_runner.py:266} INFO - Task exited with return code 0
[2026-03-26T16:13:18.016+0000] {taskinstance.py:3895} INFO - 1 downstream tasks scheduled from follow-on schedule check
[2026-03-26T16:13:18.017+0000] {local_task_job_runner.py:245} INFO - ::endgroup::
