[2026-03-26T16:14:47.726+0000] {local_task_job_runner.py:123} INFO - ::group::Pre task execution logs
[2026-03-26T16:14:47.736+0000] {taskinstance.py:2613} INFO - Dependencies all met for dep_context=non-requeueable deps ti=<TaskInstance: etl_WINDSCAN_dag.predict_with_model_ibm manual__2026-03-26T16:14:41.209600+00:00 [queued]>
[2026-03-26T16:14:47.739+0000] {taskinstance.py:2613} INFO - Dependencies all met for dep_context=requeueable deps ti=<TaskInstance: etl_WINDSCAN_dag.predict_with_model_ibm manual__2026-03-26T16:14:41.209600+00:00 [queued]>
[2026-03-26T16:14:47.739+0000] {taskinstance.py:2866} INFO - Starting attempt 1 of 2
[2026-03-26T16:14:47.744+0000] {taskinstance.py:2889} INFO - Executing <Task(PythonOperator): predict_with_model_ibm> on 2026-03-26 16:14:41.209600+00:00
[2026-03-26T16:14:47.748+0000] {standard_task_runner.py:72} INFO - Started process 12866 to run task
[2026-03-26T16:14:47.751+0000] {standard_task_runner.py:104} INFO - Running: ['***', 'tasks', 'run', 'etl_WINDSCAN_dag', 'predict_with_model_ibm', 'manual__2026-03-26T16:14:41.209600+00:00', '--job-id', '63', '--raw', '--subdir', 'DAGS_FOLDER/etl_windscan_dag_with_api.py', '--cfg-path', '/tmp/tmpyulc99bu']
[2026-03-26T16:14:47.753+0000] {standard_task_runner.py:105} INFO - Job 63: Subtask predict_with_model_ibm
[2026-03-26T16:14:47.787+0000] {task_command.py:467} INFO - Running <TaskInstance: etl_WINDSCAN_dag.predict_with_model_ibm manual__2026-03-26T16:14:41.209600+00:00 [running]> on host 467f5dfd2d61
[2026-03-26T16:14:47.864+0000] {taskinstance.py:3132} INFO - Exporting env vars: AIRFLOW_CTX_DAG_OWNER='Julien' AIRFLOW_CTX_DAG_ID='etl_WINDSCAN_dag' AIRFLOW_CTX_TASK_ID='predict_with_model_ibm' AIRFLOW_CTX_EXECUTION_DATE='2026-03-26T16:14:41.209600+00:00' AIRFLOW_CTX_TRY_NUMBER='1' AIRFLOW_CTX_DAG_RUN_ID='manual__2026-03-26T16:14:41.209600+00:00'
[2026-03-26T16:14:47.867+0000] {taskinstance.py:731} INFO - ::endgroup::
[2026-03-26T16:14:47.927+0000] {s3.py:1461} INFO - Downloading source S3 file from Bucket projet-final-dsl-ft37-julien-charlier with path data/sample_20260326-161446.csv
[2026-03-26T16:14:47.943+0000] {base.py:84} INFO - Retrieving connection 'aws_default'
[2026-03-26T16:14:47.944+0000] {connection_wrapper.py:325} INFO - AWS Connection (conn_id='aws_default', conn_type='aws') credentials retrieved from login and password.
[2026-03-26T16:14:48.769+0000] {logging_mixin.py:190} INFO - [INFO] Downloaded raw batch: s3://projet-final-dsl-ft37-julien-charlier/data/sample_20260326-161446.csv -> /tmp/***_tmp_2fcb5_z6
[2026-03-26T16:14:48.779+0000] {logging_mixin.py:190} INFO - [INFO] Features dataframe prepared: shape=(1, 11)
[2026-03-26T16:14:49.881+0000] {logging_mixin.py:190} INFO - [ERROR] Prediction failed for row 0: 503 Server Error: Service Unavailable for url: https://atomik31-model-serv-api.hf.space/predict
[2026-03-26T16:14:50.508+0000] {hook.py:208} WARNING - Data lineage tracking is disabled. Register a hook lineage reader to start tracking hook lineage.
[2026-03-26T16:14:50.508+0000] {hook.py:208} WARNING - Data lineage tracking is disabled. Register a hook lineage reader to start tracking hook lineage.
[2026-03-26T16:14:50.530+0000] {logging_mixin.py:190} INFO - [INFO] Predictions saved: s3://projet-final-dsl-ft37-julien-charlier/data_prod/20260326-161449_windscan_predictions.csv (rows=1)
[2026-03-26T16:14:50.533+0000] {python.py:240} INFO - Done. Returned value was: None
[2026-03-26T16:14:50.540+0000] {taskinstance.py:340} INFO - ::group::Post task execution logs
[2026-03-26T16:14:50.541+0000] {taskinstance.py:352} INFO - Marking task as SUCCESS. dag_id=etl_WINDSCAN_dag, task_id=predict_with_model_ibm, run_id=manual__2026-03-26T16:14:41.209600+00:00, execution_date=20260326T161441, start_date=20260326T161447, end_date=20260326T161450
[2026-03-26T16:14:50.564+0000] {local_task_job_runner.py:266} INFO - Task exited with return code 0
[2026-03-26T16:14:50.589+0000] {taskinstance.py:3895} INFO - 1 downstream tasks scheduled from follow-on schedule check
[2026-03-26T16:14:50.590+0000] {local_task_job_runner.py:245} INFO - ::endgroup::
