[2026-03-26T16:07:30.382+0000] {local_task_job_runner.py:123} INFO - ::group::Pre task execution logs
[2026-03-26T16:07:30.389+0000] {taskinstance.py:2613} INFO - Dependencies all met for dep_context=non-requeueable deps ti=<TaskInstance: etl_WINDSCAN_dag.predict_with_model_ibm manual__2026-03-26T16:06:24.229520+00:00 [queued]>
[2026-03-26T16:07:30.392+0000] {taskinstance.py:2613} INFO - Dependencies all met for dep_context=requeueable deps ti=<TaskInstance: etl_WINDSCAN_dag.predict_with_model_ibm manual__2026-03-26T16:06:24.229520+00:00 [queued]>
[2026-03-26T16:07:30.392+0000] {taskinstance.py:2866} INFO - Starting attempt 2 of 2
[2026-03-26T16:07:30.396+0000] {taskinstance.py:2889} INFO - Executing <Task(PythonOperator): predict_with_model_ibm> on 2026-03-26 16:06:24.229520+00:00
[2026-03-26T16:07:30.399+0000] {standard_task_runner.py:72} INFO - Started process 12551 to run task
[2026-03-26T16:07:30.401+0000] {standard_task_runner.py:104} INFO - Running: ['***', 'tasks', 'run', 'etl_WINDSCAN_dag', 'predict_with_model_ibm', 'manual__2026-03-26T16:06:24.229520+00:00', '--job-id', '53', '--raw', '--subdir', 'DAGS_FOLDER/etl_windscan_dag_with_api.py', '--cfg-path', '/tmp/tmpl00fswai']
[2026-03-26T16:07:30.403+0000] {standard_task_runner.py:105} INFO - Job 53: Subtask predict_with_model_ibm
[2026-03-26T16:07:30.426+0000] {task_command.py:467} INFO - Running <TaskInstance: etl_WINDSCAN_dag.predict_with_model_ibm manual__2026-03-26T16:06:24.229520+00:00 [running]> on host 467f5dfd2d61
[2026-03-26T16:07:30.453+0000] {taskinstance.py:3132} INFO - Exporting env vars: AIRFLOW_CTX_DAG_OWNER='Julien' AIRFLOW_CTX_DAG_ID='etl_WINDSCAN_dag' AIRFLOW_CTX_TASK_ID='predict_with_model_ibm' AIRFLOW_CTX_EXECUTION_DATE='2026-03-26T16:06:24.229520+00:00' AIRFLOW_CTX_TRY_NUMBER='2' AIRFLOW_CTX_DAG_RUN_ID='manual__2026-03-26T16:06:24.229520+00:00'
[2026-03-26T16:07:30.454+0000] {taskinstance.py:731} INFO - ::endgroup::
[2026-03-26T16:07:30.477+0000] {taskinstance.py:3311} ERROR - Task failed with exception
Traceback (most recent call last):
  File "/home/airflow/.local/lib/python3.10/site-packages/airflow/models/taskinstance.py", line 767, in _execute_task
    result = _execute_callable(context=context, **execute_callable_kwargs)
  File "/home/airflow/.local/lib/python3.10/site-packages/airflow/models/taskinstance.py", line 733, in _execute_callable
    return ExecutionCallableRunner(
  File "/home/airflow/.local/lib/python3.10/site-packages/airflow/utils/operator_helpers.py", line 252, in run
    return self.func(*args, **kwargs)
  File "/home/airflow/.local/lib/python3.10/site-packages/airflow/models/baseoperator.py", line 422, in wrapper
    return func(self, *args, **kwargs)
  File "/home/airflow/.local/lib/python3.10/site-packages/airflow/operators/python.py", line 238, in execute
    return_value = self.execute_callable()
  File "/home/airflow/.local/lib/python3.10/site-packages/airflow/operators/python.py", line 256, in execute_callable
    return runner.run(*self.op_args, **self.op_kwargs)
  File "/home/airflow/.local/lib/python3.10/site-packages/airflow/utils/operator_helpers.py", line 252, in run
    return self.func(*args, **kwargs)
  File "/opt/airflow/dags/tasks_with_api/transform_predict_windscan.py", line 41, in predict_with_model_turbine
    raise ValueError("Missing XCom raw_s3_key (key='data_raw_turbine_key').")
ValueError: Missing XCom raw_s3_key (key='data_raw_turbine_key').
[2026-03-26T16:07:30.481+0000] {taskinstance.py:1225} INFO - Marking task as FAILED. dag_id=etl_WINDSCAN_dag, task_id=predict_with_model_ibm, run_id=manual__2026-03-26T16:06:24.229520+00:00, execution_date=20260326T160624, start_date=20260326T160730, end_date=20260326T160730
[2026-03-26T16:07:30.485+0000] {taskinstance.py:340} INFO - ::group::Post task execution logs
[2026-03-26T16:07:30.485+0000] {standard_task_runner.py:124} ERROR - Failed to execute job 53 for task predict_with_model_ibm (Missing XCom raw_s3_key (key='data_raw_turbine_key').; 12551)
Traceback (most recent call last):
  File "/home/airflow/.local/lib/python3.10/site-packages/airflow/task/task_runner/standard_task_runner.py", line 117, in _start_by_fork
    ret = args.func(args, dag=self.dag)
  File "/home/airflow/.local/lib/python3.10/site-packages/airflow/cli/cli_config.py", line 49, in command
    return func(*args, **kwargs)
  File "/home/airflow/.local/lib/python3.10/site-packages/airflow/utils/cli.py", line 116, in wrapper
    return f(*args, **kwargs)
  File "/home/airflow/.local/lib/python3.10/site-packages/airflow/cli/commands/task_command.py", line 483, in task_run
    task_return_code = _run_task_by_selected_method(args, _dag, ti)
  File "/home/airflow/.local/lib/python3.10/site-packages/airflow/cli/commands/task_command.py", line 256, in _run_task_by_selected_method
    return _run_raw_task(args, ti)
  File "/home/airflow/.local/lib/python3.10/site-packages/airflow/cli/commands/task_command.py", line 341, in _run_raw_task
    return ti._run_raw_task(
  File "/home/airflow/.local/lib/python3.10/site-packages/airflow/utils/session.py", line 97, in wrapper
    return func(*args, session=session, **kwargs)
  File "/home/airflow/.local/lib/python3.10/site-packages/airflow/models/taskinstance.py", line 3005, in _run_raw_task
    return _run_raw_task(
  File "/home/airflow/.local/lib/python3.10/site-packages/airflow/models/taskinstance.py", line 273, in _run_raw_task
    TaskInstance._execute_task_with_callbacks(
  File "/home/airflow/.local/lib/python3.10/site-packages/airflow/models/taskinstance.py", line 3159, in _execute_task_with_callbacks
    result = self._execute_task(context, task_orig)
  File "/home/airflow/.local/lib/python3.10/site-packages/airflow/models/taskinstance.py", line 3183, in _execute_task
    return _execute_task(self, context, task_orig)
  File "/home/airflow/.local/lib/python3.10/site-packages/airflow/models/taskinstance.py", line 767, in _execute_task
    result = _execute_callable(context=context, **execute_callable_kwargs)
  File "/home/airflow/.local/lib/python3.10/site-packages/airflow/models/taskinstance.py", line 733, in _execute_callable
    return ExecutionCallableRunner(
  File "/home/airflow/.local/lib/python3.10/site-packages/airflow/utils/operator_helpers.py", line 252, in run
    return self.func(*args, **kwargs)
  File "/home/airflow/.local/lib/python3.10/site-packages/airflow/models/baseoperator.py", line 422, in wrapper
    return func(self, *args, **kwargs)
  File "/home/airflow/.local/lib/python3.10/site-packages/airflow/operators/python.py", line 238, in execute
    return_value = self.execute_callable()
  File "/home/airflow/.local/lib/python3.10/site-packages/airflow/operators/python.py", line 256, in execute_callable
    return runner.run(*self.op_args, **self.op_kwargs)
  File "/home/airflow/.local/lib/python3.10/site-packages/airflow/utils/operator_helpers.py", line 252, in run
    return self.func(*args, **kwargs)
  File "/opt/airflow/dags/tasks_with_api/transform_predict_windscan.py", line 41, in predict_with_model_turbine
    raise ValueError("Missing XCom raw_s3_key (key='data_raw_turbine_key').")
ValueError: Missing XCom raw_s3_key (key='data_raw_turbine_key').
[2026-03-26T16:07:30.498+0000] {local_task_job_runner.py:266} INFO - Task exited with return code 1
[2026-03-26T16:07:30.513+0000] {taskinstance.py:3895} INFO - 0 downstream tasks scheduled from follow-on schedule check
[2026-03-26T16:07:30.514+0000] {local_task_job_runner.py:245} INFO - ::endgroup::
