[2026-03-26T16:10:09.979+0000] {local_task_job_runner.py:123} INFO - ::group::Pre task execution logs
[2026-03-26T16:10:09.987+0000] {taskinstance.py:2613} INFO - Dependencies all met for dep_context=non-requeueable deps ti=<TaskInstance: etl_WINDSCAN_dag.load_branch.create_predictions_table manual__2026-03-26T16:10:02.464222+00:00 [queued]>
[2026-03-26T16:10:09.991+0000] {taskinstance.py:2613} INFO - Dependencies all met for dep_context=requeueable deps ti=<TaskInstance: etl_WINDSCAN_dag.load_branch.create_predictions_table manual__2026-03-26T16:10:02.464222+00:00 [queued]>
[2026-03-26T16:10:09.991+0000] {taskinstance.py:2866} INFO - Starting attempt 1 of 2
[2026-03-26T16:10:09.996+0000] {taskinstance.py:2889} INFO - Executing <Task(PostgresOperator): load_branch.create_predictions_table> on 2026-03-26 16:10:02.464222+00:00
[2026-03-26T16:10:10.001+0000] {standard_task_runner.py:72} INFO - Started process 12661 to run task
[2026-03-26T16:10:10.004+0000] {standard_task_runner.py:104} INFO - Running: ['***', 'tasks', 'run', 'etl_WINDSCAN_dag', 'load_branch.create_predictions_table', 'manual__2026-03-26T16:10:02.464222+00:00', '--job-id', '56', '--raw', '--subdir', 'DAGS_FOLDER/etl_windscan_dag_with_api.py', '--cfg-path', '/tmp/tmp7ghh2km5']
[2026-03-26T16:10:10.008+0000] {standard_task_runner.py:105} INFO - Job 56: Subtask load_branch.create_predictions_table
[2026-03-26T16:10:10.052+0000] {task_command.py:467} INFO - Running <TaskInstance: etl_WINDSCAN_dag.load_branch.create_predictions_table manual__2026-03-26T16:10:02.464222+00:00 [running]> on host 467f5dfd2d61
[2026-03-26T16:10:10.101+0000] {taskinstance.py:3132} INFO - Exporting env vars: AIRFLOW_CTX_DAG_OWNER='Julien' AIRFLOW_CTX_DAG_ID='etl_WINDSCAN_dag' AIRFLOW_CTX_TASK_ID='load_branch.create_predictions_table' AIRFLOW_CTX_EXECUTION_DATE='2026-03-26T16:10:02.464222+00:00' AIRFLOW_CTX_TRY_NUMBER='1' AIRFLOW_CTX_DAG_RUN_ID='manual__2026-03-26T16:10:02.464222+00:00'
[2026-03-26T16:10:10.102+0000] {taskinstance.py:731} INFO - ::endgroup::
[2026-03-26T16:10:10.109+0000] {sql.py:278} INFO - Executing: 
            CREATE TABLE IF NOT EXISTS ibm_attrition_predictions (
                id SERIAL PRIMARY KEY,
                Age TEXT,
                BusinessTravel TEXT,
                DailyRate TEXT,
                Department TEXT,
                DistanceFromHome TEXT,
                Education TEXT,
                EducationField TEXT,
                EmployeeCount TEXT,
                EmployeeNumber TEXT,
                EnvironmentSatisfaction TEXT,
                Gender TEXT,
                HourlyRate TEXT,
                JobInvolvement TEXT,
                JobLevel TEXT,
                JobRole TEXT,
                JobSatisfaction TEXT,
                MaritalStatus TEXT,
                MonthlyIncome TEXT,
                MonthlyRate TEXT,
                NumCompaniesWorked TEXT,
                Over18 TEXT,
                OverTime TEXT,
                PercentSalaryHike TEXT,
                PerformanceRating TEXT,
                RelationshipSatisfaction TEXT,
                StandardHours TEXT,
                StockOptionLevel TEXT,
                TotalWorkingYears TEXT,
                TrainingTimesLastYear TEXT,
                WorkLifeBalance TEXT,
                YearsAtCompany TEXT,
                YearsInCurrentRole TEXT,
                YearsSinceLastPromotion TEXT,
                YearsWithCurrManager TEXT,
                prediction TEXT,
                proba_0 TEXT,
                proba_1 TEXT
            );
            
[2026-03-26T16:10:10.121+0000] {taskinstance.py:3311} ERROR - Task failed with exception
Traceback (most recent call last):
  File "/home/airflow/.local/lib/python3.10/site-packages/airflow/models/taskinstance.py", line 767, in _execute_task
    result = _execute_callable(context=context, **execute_callable_kwargs)
  File "/home/airflow/.local/lib/python3.10/site-packages/airflow/models/taskinstance.py", line 733, in _execute_callable
    return ExecutionCallableRunner(
  File "/home/airflow/.local/lib/python3.10/site-packages/airflow/utils/operator_helpers.py", line 252, in run
    return self.func(*args, **kwargs)
  File "/home/airflow/.local/lib/python3.10/site-packages/airflow/models/baseoperator.py", line 422, in wrapper
    return func(self, *args, **kwargs)
  File "/home/airflow/.local/lib/python3.10/site-packages/airflow/providers/common/sql/operators/sql.py", line 279, in execute
    hook = self.get_db_hook()
  File "/home/airflow/.local/lib/python3.10/site-packages/airflow/providers/common/sql/operators/sql.py", line 190, in get_db_hook
    return self._hook
  File "/usr/local/lib/python3.10/functools.py", line 981, in __get__
    val = self.func(instance)
  File "/home/airflow/.local/lib/python3.10/site-packages/airflow/providers/common/sql/operators/sql.py", line 166, in _hook
    hook = self.get_hook(conn_id=conn_id, hook_params=self.hook_params)
  File "/home/airflow/.local/lib/python3.10/site-packages/airflow/providers/common/sql/operators/sql.py", line 158, in get_hook
    connection = BaseHook.get_connection(conn_id)
  File "/home/airflow/.local/lib/python3.10/site-packages/airflow/hooks/base.py", line 83, in get_connection
    conn = Connection.get_connection_from_secrets(conn_id)
  File "/home/airflow/.local/lib/python3.10/site-packages/airflow/models/connection.py", line 537, in get_connection_from_secrets
    raise AirflowNotFoundException(f"The conn_id `{conn_id}` isn't defined")
airflow.exceptions.AirflowNotFoundException: The conn_id `postgres_default` isn't defined
[2026-03-26T16:10:10.128+0000] {taskinstance.py:1225} INFO - Marking task as UP_FOR_RETRY. dag_id=etl_WINDSCAN_dag, task_id=load_branch.create_predictions_table, run_id=manual__2026-03-26T16:10:02.464222+00:00, execution_date=20260326T161002, start_date=20260326T161009, end_date=20260326T161010
[2026-03-26T16:10:10.135+0000] {taskinstance.py:340} INFO - ::group::Post task execution logs
[2026-03-26T16:10:10.136+0000] {standard_task_runner.py:124} ERROR - Failed to execute job 56 for task load_branch.create_predictions_table (The conn_id `postgres_default` isn't defined; 12661)
Traceback (most recent call last):
  File "/home/airflow/.local/lib/python3.10/site-packages/airflow/task/task_runner/standard_task_runner.py", line 117, in _start_by_fork
    ret = args.func(args, dag=self.dag)
  File "/home/airflow/.local/lib/python3.10/site-packages/airflow/cli/cli_config.py", line 49, in command
    return func(*args, **kwargs)
  File "/home/airflow/.local/lib/python3.10/site-packages/airflow/utils/cli.py", line 116, in wrapper
    return f(*args, **kwargs)
  File "/home/airflow/.local/lib/python3.10/site-packages/airflow/cli/commands/task_command.py", line 483, in task_run
    task_return_code = _run_task_by_selected_method(args, _dag, ti)
  File "/home/airflow/.local/lib/python3.10/site-packages/airflow/cli/commands/task_command.py", line 256, in _run_task_by_selected_method
    return _run_raw_task(args, ti)
  File "/home/airflow/.local/lib/python3.10/site-packages/airflow/cli/commands/task_command.py", line 341, in _run_raw_task
    return ti._run_raw_task(
  File "/home/airflow/.local/lib/python3.10/site-packages/airflow/utils/session.py", line 97, in wrapper
    return func(*args, session=session, **kwargs)
  File "/home/airflow/.local/lib/python3.10/site-packages/airflow/models/taskinstance.py", line 3005, in _run_raw_task
    return _run_raw_task(
  File "/home/airflow/.local/lib/python3.10/site-packages/airflow/models/taskinstance.py", line 273, in _run_raw_task
    TaskInstance._execute_task_with_callbacks(
  File "/home/airflow/.local/lib/python3.10/site-packages/airflow/models/taskinstance.py", line 3159, in _execute_task_with_callbacks
    result = self._execute_task(context, task_orig)
  File "/home/airflow/.local/lib/python3.10/site-packages/airflow/models/taskinstance.py", line 3183, in _execute_task
    return _execute_task(self, context, task_orig)
  File "/home/airflow/.local/lib/python3.10/site-packages/airflow/models/taskinstance.py", line 767, in _execute_task
    result = _execute_callable(context=context, **execute_callable_kwargs)
  File "/home/airflow/.local/lib/python3.10/site-packages/airflow/models/taskinstance.py", line 733, in _execute_callable
    return ExecutionCallableRunner(
  File "/home/airflow/.local/lib/python3.10/site-packages/airflow/utils/operator_helpers.py", line 252, in run
    return self.func(*args, **kwargs)
  File "/home/airflow/.local/lib/python3.10/site-packages/airflow/models/baseoperator.py", line 422, in wrapper
    return func(self, *args, **kwargs)
  File "/home/airflow/.local/lib/python3.10/site-packages/airflow/providers/common/sql/operators/sql.py", line 279, in execute
    hook = self.get_db_hook()
  File "/home/airflow/.local/lib/python3.10/site-packages/airflow/providers/common/sql/operators/sql.py", line 190, in get_db_hook
    return self._hook
  File "/usr/local/lib/python3.10/functools.py", line 981, in __get__
    val = self.func(instance)
  File "/home/airflow/.local/lib/python3.10/site-packages/airflow/providers/common/sql/operators/sql.py", line 166, in _hook
    hook = self.get_hook(conn_id=conn_id, hook_params=self.hook_params)
  File "/home/airflow/.local/lib/python3.10/site-packages/airflow/providers/common/sql/operators/sql.py", line 158, in get_hook
    connection = BaseHook.get_connection(conn_id)
  File "/home/airflow/.local/lib/python3.10/site-packages/airflow/hooks/base.py", line 83, in get_connection
    conn = Connection.get_connection_from_secrets(conn_id)
  File "/home/airflow/.local/lib/python3.10/site-packages/airflow/models/connection.py", line 537, in get_connection_from_secrets
    raise AirflowNotFoundException(f"The conn_id `{conn_id}` isn't defined")
airflow.exceptions.AirflowNotFoundException: The conn_id `postgres_default` isn't defined
[2026-03-26T16:10:10.144+0000] {local_task_job_runner.py:266} INFO - Task exited with return code 1
[2026-03-26T16:10:10.154+0000] {taskinstance.py:3895} INFO - 0 downstream tasks scheduled from follow-on schedule check
[2026-03-26T16:10:10.155+0000] {local_task_job_runner.py:245} INFO - ::endgroup::
