[2026-03-26T14:06:13.253+0000] {local_task_job_runner.py:123} INFO - ::group::Pre task execution logs
[2026-03-26T14:06:13.263+0000] {taskinstance.py:2613} INFO - Dependencies all met for dep_context=non-requeueable deps ti=<TaskInstance: etl_WINDSCAN_dag.extract_raw_employees_batch manual__2026-03-26T14:06:10.224710+00:00 [queued]>
[2026-03-26T14:06:13.266+0000] {taskinstance.py:2613} INFO - Dependencies all met for dep_context=requeueable deps ti=<TaskInstance: etl_WINDSCAN_dag.extract_raw_employees_batch manual__2026-03-26T14:06:10.224710+00:00 [queued]>
[2026-03-26T14:06:13.267+0000] {taskinstance.py:2866} INFO - Starting attempt 1 of 2
[2026-03-26T14:06:13.272+0000] {taskinstance.py:2889} INFO - Executing <Task(PythonOperator): extract_raw_employees_batch> on 2026-03-26 14:06:10.224710+00:00
[2026-03-26T14:06:13.277+0000] {standard_task_runner.py:72} INFO - Started process 8056 to run task
[2026-03-26T14:06:13.280+0000] {standard_task_runner.py:104} INFO - Running: ['***', 'tasks', 'run', 'etl_WINDSCAN_dag', 'extract_raw_employees_batch', 'manual__2026-03-26T14:06:10.224710+00:00', '--job-id', '20', '--raw', '--subdir', 'DAGS_FOLDER/etl_attrition_dag_with_api.py', '--cfg-path', '/tmp/tmp0ma_pnz3']
[2026-03-26T14:06:13.281+0000] {standard_task_runner.py:105} INFO - Job 20: Subtask extract_raw_employees_batch
[2026-03-26T14:06:13.318+0000] {task_command.py:467} INFO - Running <TaskInstance: etl_WINDSCAN_dag.extract_raw_employees_batch manual__2026-03-26T14:06:10.224710+00:00 [running]> on host 467f5dfd2d61
[2026-03-26T14:06:13.366+0000] {taskinstance.py:3132} INFO - Exporting env vars: AIRFLOW_CTX_DAG_OWNER='Julien' AIRFLOW_CTX_DAG_ID='etl_WINDSCAN_dag' AIRFLOW_CTX_TASK_ID='extract_raw_employees_batch' AIRFLOW_CTX_EXECUTION_DATE='2026-03-26T14:06:10.224710+00:00' AIRFLOW_CTX_TRY_NUMBER='1' AIRFLOW_CTX_DAG_RUN_ID='manual__2026-03-26T14:06:10.224710+00:00'
[2026-03-26T14:06:13.367+0000] {taskinstance.py:731} INFO - ::endgroup::
[2026-03-26T14:06:13.384+0000] {s3.py:1461} INFO - Downloading source S3 file from Bucket projet-final-dsl-ft37-julien-charlier with path data/dataset.csv
[2026-03-26T14:06:13.391+0000] {base.py:84} INFO - Retrieving connection 'aws_default'
[2026-03-26T14:06:13.391+0000] {connection_wrapper.py:325} INFO - AWS Connection (conn_id='aws_default', conn_type='aws') credentials retrieved from login and password.
[2026-03-26T14:06:13.967+0000] {taskinstance.py:3311} ERROR - Task failed with exception
Traceback (most recent call last):
  File "/home/airflow/.local/lib/python3.10/site-packages/airflow/models/taskinstance.py", line 767, in _execute_task
    result = _execute_callable(context=context, **execute_callable_kwargs)
  File "/home/airflow/.local/lib/python3.10/site-packages/airflow/models/taskinstance.py", line 733, in _execute_callable
    return ExecutionCallableRunner(
  File "/home/airflow/.local/lib/python3.10/site-packages/airflow/utils/operator_helpers.py", line 252, in run
    return self.func(*args, **kwargs)
  File "/home/airflow/.local/lib/python3.10/site-packages/airflow/models/baseoperator.py", line 422, in wrapper
    return func(self, *args, **kwargs)
  File "/home/airflow/.local/lib/python3.10/site-packages/airflow/operators/python.py", line 238, in execute
    return_value = self.execute_callable()
  File "/home/airflow/.local/lib/python3.10/site-packages/airflow/operators/python.py", line 256, in execute_callable
    return runner.run(*self.op_args, **self.op_kwargs)
  File "/home/airflow/.local/lib/python3.10/site-packages/airflow/utils/operator_helpers.py", line 252, in run
    return self.func(*args, **kwargs)
  File "/opt/airflow/dags/tasks_with_api/extract_ibm.py", line 23, in extract_employees_batch_to_s3
    s3_hook.download_file(
  File "/home/airflow/.local/lib/python3.10/site-packages/airflow/providers/amazon/aws/hooks/s3.py", line 152, in wrapper
    return func(*bound_args.args, **bound_args.kwargs)
  File "/home/airflow/.local/lib/python3.10/site-packages/airflow/providers/amazon/aws/hooks/s3.py", line 125, in wrapper
    return func(*bound_args.args, **bound_args.kwargs)
  File "/home/airflow/.local/lib/python3.10/site-packages/airflow/providers/amazon/aws/hooks/s3.py", line 1495, in download_file
    file = NamedTemporaryFile(dir=local_path, prefix="airflow_tmp_", delete=False)  # type: ignore
  File "/usr/local/lib/python3.10/tempfile.py", line 575, in NamedTemporaryFile
    file = _io.open(dir, mode, buffering=buffering,
  File "/usr/local/lib/python3.10/tempfile.py", line 572, in opener
    fd, name = _mkstemp_inner(dir, prefix, suffix, flags, output_type)
  File "/usr/local/lib/python3.10/tempfile.py", line 256, in _mkstemp_inner
    fd = _os.open(file, flags, 0o600)
FileNotFoundError: [Errno 2] No such file or directory: '/tmp/dataset.csv/airflow_tmp_2r_d2pnf'
[2026-03-26T14:06:13.981+0000] {taskinstance.py:1225} INFO - Marking task as UP_FOR_RETRY. dag_id=etl_WINDSCAN_dag, task_id=extract_raw_employees_batch, run_id=manual__2026-03-26T14:06:10.224710+00:00, execution_date=20260326T140610, start_date=20260326T140613, end_date=20260326T140613
[2026-03-26T14:06:13.997+0000] {taskinstance.py:340} INFO - ::group::Post task execution logs
[2026-03-26T14:06:13.998+0000] {standard_task_runner.py:124} ERROR - Failed to execute job 20 for task extract_raw_employees_batch ([Errno 2] No such file or directory: '/tmp/dataset.csv/airflow_tmp_2r_d2pnf'; 8056)
Traceback (most recent call last):
  File "/home/airflow/.local/lib/python3.10/site-packages/airflow/task/task_runner/standard_task_runner.py", line 117, in _start_by_fork
    ret = args.func(args, dag=self.dag)
  File "/home/airflow/.local/lib/python3.10/site-packages/airflow/cli/cli_config.py", line 49, in command
    return func(*args, **kwargs)
  File "/home/airflow/.local/lib/python3.10/site-packages/airflow/utils/cli.py", line 116, in wrapper
    return f(*args, **kwargs)
  File "/home/airflow/.local/lib/python3.10/site-packages/airflow/cli/commands/task_command.py", line 483, in task_run
    task_return_code = _run_task_by_selected_method(args, _dag, ti)
  File "/home/airflow/.local/lib/python3.10/site-packages/airflow/cli/commands/task_command.py", line 256, in _run_task_by_selected_method
    return _run_raw_task(args, ti)
  File "/home/airflow/.local/lib/python3.10/site-packages/airflow/cli/commands/task_command.py", line 341, in _run_raw_task
    return ti._run_raw_task(
  File "/home/airflow/.local/lib/python3.10/site-packages/airflow/utils/session.py", line 97, in wrapper
    return func(*args, session=session, **kwargs)
  File "/home/airflow/.local/lib/python3.10/site-packages/airflow/models/taskinstance.py", line 3005, in _run_raw_task
    return _run_raw_task(
  File "/home/airflow/.local/lib/python3.10/site-packages/airflow/models/taskinstance.py", line 273, in _run_raw_task
    TaskInstance._execute_task_with_callbacks(
  File "/home/airflow/.local/lib/python3.10/site-packages/airflow/models/taskinstance.py", line 3159, in _execute_task_with_callbacks
    result = self._execute_task(context, task_orig)
  File "/home/airflow/.local/lib/python3.10/site-packages/airflow/models/taskinstance.py", line 3183, in _execute_task
    return _execute_task(self, context, task_orig)
  File "/home/airflow/.local/lib/python3.10/site-packages/airflow/models/taskinstance.py", line 767, in _execute_task
    result = _execute_callable(context=context, **execute_callable_kwargs)
  File "/home/airflow/.local/lib/python3.10/site-packages/airflow/models/taskinstance.py", line 733, in _execute_callable
    return ExecutionCallableRunner(
  File "/home/airflow/.local/lib/python3.10/site-packages/airflow/utils/operator_helpers.py", line 252, in run
    return self.func(*args, **kwargs)
  File "/home/airflow/.local/lib/python3.10/site-packages/airflow/models/baseoperator.py", line 422, in wrapper
    return func(self, *args, **kwargs)
  File "/home/airflow/.local/lib/python3.10/site-packages/airflow/operators/python.py", line 238, in execute
    return_value = self.execute_callable()
  File "/home/airflow/.local/lib/python3.10/site-packages/airflow/operators/python.py", line 256, in execute_callable
    return runner.run(*self.op_args, **self.op_kwargs)
  File "/home/airflow/.local/lib/python3.10/site-packages/airflow/utils/operator_helpers.py", line 252, in run
    return self.func(*args, **kwargs)
  File "/opt/airflow/dags/tasks_with_api/extract_ibm.py", line 23, in extract_employees_batch_to_s3
    s3_hook.download_file(
  File "/home/airflow/.local/lib/python3.10/site-packages/airflow/providers/amazon/aws/hooks/s3.py", line 152, in wrapper
    return func(*bound_args.args, **bound_args.kwargs)
  File "/home/airflow/.local/lib/python3.10/site-packages/airflow/providers/amazon/aws/hooks/s3.py", line 125, in wrapper
    return func(*bound_args.args, **bound_args.kwargs)
  File "/home/airflow/.local/lib/python3.10/site-packages/airflow/providers/amazon/aws/hooks/s3.py", line 1495, in download_file
    file = NamedTemporaryFile(dir=local_path, prefix="airflow_tmp_", delete=False)  # type: ignore
  File "/usr/local/lib/python3.10/tempfile.py", line 575, in NamedTemporaryFile
    file = _io.open(dir, mode, buffering=buffering,
  File "/usr/local/lib/python3.10/tempfile.py", line 572, in opener
    fd, name = _mkstemp_inner(dir, prefix, suffix, flags, output_type)
  File "/usr/local/lib/python3.10/tempfile.py", line 256, in _mkstemp_inner
    fd = _os.open(file, flags, 0o600)
FileNotFoundError: [Errno 2] No such file or directory: '/tmp/dataset.csv/airflow_tmp_2r_d2pnf'
[2026-03-26T14:06:14.032+0000] {local_task_job_runner.py:266} INFO - Task exited with return code 1
[2026-03-26T14:06:14.066+0000] {taskinstance.py:3895} INFO - 0 downstream tasks scheduled from follow-on schedule check
[2026-03-26T14:06:14.067+0000] {local_task_job_runner.py:245} INFO - ::endgroup::
